# JRE version: Java(TM) SE Runtime Environment (8.0_251-b08) (build 1.8.0_251-b08)
# Java VM: Java HotSpot(TM) 64-Bit Server VM (25.251-b08 mixed mode windows-amd64 compressed oops)
Heap:
 PSYoungGen      total 183808K, used 43299K [0x00000000d5d00000, 0x00000000e5800000, 0x0000000100000000)
  eden space 173056K, 18% used [0x00000000d5d00000,0x00000000d7ccf9a0,0x00000000e0600000)
  from space 10752K, 99% used [0x00000000e0600000,0x00000000e1079528,0x00000000e1080000)
  to   space 15360K, 0% used [0x00000000e4900000,0x00000000e4900000,0x00000000e5800000)
 ParOldGen       total 78336K, used 20614K [0x0000000081600000, 0x0000000086280000, 0x00000000d5d00000)
  object space 78336K, 26% used [0x0000000081600000,0x0000000082a219d8,0x0000000086280000)
 Metaspace       used 52753K, capacity 55560K, committed 55720K, reserved 1097728K
  class space    used 7289K, capacity 7753K, committed 7856K, reserved 1048576K
GC Heap History (10 events):
Event: 3.856 GC heap before
{Heap before GC invocations=7 (full 1):
 PSYoungGen      total 71680K, used 66560K [0x00000000d5d00000, 0x00000000def00000, 0x0000000100000000)
  eden space 66560K, 100% used [0x00000000d5d00000,0x00000000d9e00000,0x00000000d9e00000)
  from space 5120K, 0% used [0x00000000d9e00000,0x00000000d9e00000,0x00000000da300000)
  to   space 8192K, 0% used [0x00000000de700000,0x00000000de700000,0x00000000def00000)
 ParOldGen       total 53760K, used 6878K [0x0000000081600000, 0x0000000084a80000, 0x00000000d5d00000)
  object space 53760K, 12% used [0x0000000081600000,0x0000000081cb7928,0x0000000084a80000)
 Metaspace       used 25266K, capacity 26468K, committed 26672K, reserved 1073152K
  class space    used 3318K, capacity 3583K, committed 3632K, reserved 1048576K
Event: 3.867 GC heap after
Heap after GC invocations=7 (full 1):
 PSYoungGen      total 117248K, used 7900K [0x00000000d5d00000, 0x00000000def00000, 0x0000000100000000)
  eden space 109056K, 0% used [0x00000000d5d00000,0x00000000d5d00000,0x00000000dc780000)
  from space 8192K, 96% used [0x00000000de700000,0x00000000deeb70d8,0x00000000def00000)
  to   space 9216K, 0% used [0x00000000ddd00000,0x00000000ddd00000,0x00000000de600000)
 ParOldGen       total 53760K, used 6886K [0x0000000081600000, 0x0000000084a80000, 0x00000000d5d00000)
  object space 53760K, 12% used [0x0000000081600000,0x0000000081cb9928,0x0000000084a80000)
 Metaspace       used 25266K, capacity 26468K, committed 26672K, reserved 1073152K
  class space    used 3318K, capacity 3583K, committed 3632K, reserved 1048576K
}
Event: 6.145 GC heap before
{Heap before GC invocations=8 (full 1):
 PSYoungGen      total 117248K, used 116956K [0x00000000d5d00000, 0x00000000def00000, 0x0000000100000000)
  eden space 109056K, 100% used [0x00000000d5d00000,0x00000000dc780000,0x00000000dc780000)
  from space 8192K, 96% used [0x00000000de700000,0x00000000deeb70d8,0x00000000def00000)
  to   space 9216K, 0% used [0x00000000ddd00000,0x00000000ddd00000,0x00000000de600000)
 ParOldGen       total 53760K, used 6886K [0x0000000081600000, 0x0000000084a80000, 0x00000000d5d00000)
  object space 53760K, 12% used [0x0000000081600000,0x0000000081cb9928,0x0000000084a80000)
 Metaspace       used 31835K, capacity 33756K, committed 34096K, reserved 1079296K
  class space    used 4209K, capacity 4551K, committed 4656K, reserved 1048576K
Event: 6.162 GC heap after
Heap after GC invocations=8 (full 1):
 PSYoungGen      total 140288K, used 9211K [0x00000000d5d00000, 0x00000000e1b00000, 0x0000000100000000)
  eden space 131072K, 0% used [0x00000000d5d00000,0x00000000d5d00000,0x00000000ddd00000)
  from space 9216K, 99% used [0x00000000ddd00000,0x00000000de5fedf8,0x00000000de600000)
  to   space 10752K, 0% used [0x00000000e1080000,0x00000000e1080000,0x00000000e1b00000)
 ParOldGen       total 53760K, used 8310K [0x0000000081600000, 0x0000000084a80000, 0x00000000d5d00000)
  object space 53760K, 15% used [0x0000000081600000,0x0000000081e1da58,0x0000000084a80000)
 Metaspace       used 31835K, capacity 33756K, committed 34096K, reserved 1079296K
  class space    used 4209K, capacity 4551K, committed 4656K, reserved 1048576K
}
Event: 6.469 GC heap before
{Heap before GC invocations=9 (full 1):
 PSYoungGen      total 140288K, used 30829K [0x00000000d5d00000, 0x00000000e1b00000, 0x0000000100000000)
  eden space 131072K, 16% used [0x00000000d5d00000,0x00000000d721c658,0x00000000ddd00000)
  from space 9216K, 99% used [0x00000000ddd00000,0x00000000de5fedf8,0x00000000de600000)
  to   space 10752K, 0% used [0x00000000e1080000,0x00000000e1080000,0x00000000e1b00000)
 ParOldGen       total 53760K, used 8310K [0x0000000081600000, 0x0000000084a80000, 0x00000000d5d00000)
  object space 53760K, 15% used [0x0000000081600000,0x0000000081e1da58,0x0000000084a80000)
 Metaspace       used 33464K, capacity 35482K, committed 35496K, reserved 1079296K
  class space    used 4417K, capacity 4774K, committed 4784K, reserved 1048576K
Event: 6.480 GC heap after
Heap after GC invocations=9 (full 1):
 PSYoungGen      total 183808K, used 7518K [0x00000000d5d00000, 0x00000000e3f80000, 0x0000000100000000)
  eden space 173056K, 0% used [0x00000000d5d00000,0x00000000d5d00000,0x00000000e0600000)
  from space 10752K, 69% used [0x00000000e1080000,0x00000000e17d7890,0x00000000e1b00000)
  to   space 10752K, 0% used [0x00000000e0600000,0x00000000e0600000,0x00000000e1080000)
 ParOldGen       total 53760K, used 8318K [0x0000000081600000, 0x0000000084a80000, 0x00000000d5d00000)
  object space 53760K, 15% used [0x0000000081600000,0x0000000081e1fa58,0x0000000084a80000)
 Metaspace       used 33464K, capacity 35482K, committed 35496K, reserved 1079296K
  class space    used 4417K, capacity 4774K, committed 4784K, reserved 1048576K
}
Event: 6.480 GC heap before
{Heap before GC invocations=10 (full 2):
 PSYoungGen      total 183808K, used 7518K [0x00000000d5d00000, 0x00000000e3f80000, 0x0000000100000000)
  eden space 173056K, 0% used [0x00000000d5d00000,0x00000000d5d00000,0x00000000e0600000)
  from space 10752K, 69% used [0x00000000e1080000,0x00000000e17d7890,0x00000000e1b00000)
  to   space 10752K, 0% used [0x00000000e0600000,0x00000000e0600000,0x00000000e1080000)
 ParOldGen       total 53760K, used 8318K [0x0000000081600000, 0x0000000084a80000, 0x00000000d5d00000)
  object space 53760K, 15% used [0x0000000081600000,0x0000000081e1fa58,0x0000000084a80000)
 Metaspace       used 33464K, capacity 35482K, committed 35496K, reserved 1079296K
  class space    used 4417K, capacity 4774K, committed 4784K, reserved 1048576K
Event: 6.574 GC heap after
Heap after GC invocations=10 (full 2):
 PSYoungGen      total 183808K, used 0K [0x00000000d5d00000, 0x00000000e3f80000, 0x0000000100000000)
  eden space 173056K, 0% used [0x00000000d5d00000,0x00000000d5d00000,0x00000000e0600000)
  from space 10752K, 0% used [0x00000000e1080000,0x00000000e1080000,0x00000000e1b00000)
  to   space 10752K, 0% used [0x00000000e0600000,0x00000000e0600000,0x00000000e1080000)
 ParOldGen       total 78336K, used 11872K [0x0000000081600000, 0x0000000086280000, 0x00000000d5d00000)
  object space 78336K, 15% used [0x0000000081600000,0x0000000082198248,0x0000000086280000)
 Metaspace       used 33464K, capacity 35482K, committed 35496K, reserved 1079296K
  class space    used 4417K, capacity 4774K, committed 4784K, reserved 1048576K
}
Event: 9.695 GC heap before
{Heap before GC invocations=11 (full 2):
 PSYoungGen      total 183808K, used 173056K [0x00000000d5d00000, 0x00000000e3f80000, 0x0000000100000000)
  eden space 173056K, 100% used [0x00000000d5d00000,0x00000000e0600000,0x00000000e0600000)
  from space 10752K, 0% used [0x00000000e1080000,0x00000000e1080000,0x00000000e1b00000)
  to   space 10752K, 0% used [0x00000000e0600000,0x00000000e0600000,0x00000000e1080000)
 ParOldGen       total 78336K, used 11872K [0x0000000081600000, 0x0000000086280000, 0x00000000d5d00000)
  object space 78336K, 15% used [0x0000000081600000,0x0000000082198248,0x0000000086280000)
 Metaspace       used 50624K, capacity 52902K, committed 53288K, reserved 1095680K
  class space    used 6953K, capacity 7386K, committed 7472K, reserved 1048576K
Event: 9.721 GC heap after
Heap after GC invocations=11 (full 2):
 PSYoungGen      total 183808K, used 10725K [0x00000000d5d00000, 0x00000000e5800000, 0x0000000100000000)
  eden space 173056K, 0% used [0x00000000d5d00000,0x00000000d5d00000,0x00000000e0600000)
  from space 10752K, 99% used [0x00000000e0600000,0x00000000e1079528,0x00000000e1080000)
  to   space 15360K, 0% used [0x00000000e4900000,0x00000000e4900000,0x00000000e5800000)
 ParOldGen       total 78336K, used 20614K [0x0000000081600000, 0x0000000086280000, 0x00000000d5d00000)
  object space 78336K, 26% used [0x0000000081600000,0x0000000082a219d8,0x0000000086280000)
 Metaspace       used 50624K, capacity 52902K, committed 53288K, reserved 1095680K
  class space    used 6953K, capacity 7386K, committed 7472K, reserved 1048576K
}

