# JRE version: Java(TM) SE Runtime Environment (8.0_251-b08) (build 1.8.0_251-b08)
# Java VM: Java HotSpot(TM) 64-Bit Server VM (25.251-b08 mixed mode windows-amd64 compressed oops)
Heap:
 PSYoungGen      total 216576K, used 26506K [0x00000000d5d00000, 0x00000000e4400000, 0x0000000100000000)
  eden space 202240K, 13% used [0x00000000d5d00000,0x00000000d76e2b18,0x00000000e2280000)
  from space 14336K, 0% used [0x00000000e3600000,0x00000000e3600000,0x00000000e4400000)
  to   space 15872K, 0% used [0x00000000e2500000,0x00000000e2500000,0x00000000e3480000)
 ParOldGen       total 118784K, used 22941K [0x0000000081600000, 0x0000000088a00000, 0x00000000d5d00000)
  object space 118784K, 19% used [0x0000000081600000,0x0000000082c67798,0x0000000088a00000)
 Metaspace       used 57889K, capacity 61128K, committed 61336K, reserved 1101824K
  class space    used 8041K, capacity 8567K, committed 8624K, reserved 1048576K
GC Heap History (10 events):
Event: 5.718 GC heap before
{Heap before GC invocations=9 (full 1):
 PSYoungGen      total 140800K, used 30388K [0x00000000d5d00000, 0x00000000e0f00000, 0x0000000100000000)
  eden space 131584K, 16% used [0x00000000d5d00000,0x00000000d71b0918,0x00000000ddd80000)
  from space 9216K, 99% used [0x00000000ddd80000,0x00000000de67c9b0,0x00000000de680000)
  to   space 10752K, 0% used [0x00000000e0480000,0x00000000e0480000,0x00000000e0f00000)
 ParOldGen       total 55808K, used 8125K [0x0000000081600000, 0x0000000084c80000, 0x00000000d5d00000)
  object space 55808K, 14% used [0x0000000081600000,0x0000000081def510,0x0000000084c80000)
 Metaspace       used 33472K, capacity 35486K, committed 35496K, reserved 1079296K
  class space    used 4417K, capacity 4774K, committed 4784K, reserved 1048576K
Event: 5.727 GC heap after
Heap after GC invocations=9 (full 1):
 PSYoungGen      total 172032K, used 7163K [0x00000000d5d00000, 0x00000000e3480000, 0x0000000100000000)
  eden space 161280K, 0% used [0x00000000d5d00000,0x00000000d5d00000,0x00000000dfa80000)
  from space 10752K, 66% used [0x00000000e0480000,0x00000000e0b7ec50,0x00000000e0f00000)
  to   space 10240K, 0% used [0x00000000dfa80000,0x00000000dfa80000,0x00000000e0480000)
 ParOldGen       total 55808K, used 8133K [0x0000000081600000, 0x0000000084c80000, 0x00000000d5d00000)
  object space 55808K, 14% used [0x0000000081600000,0x0000000081df1510,0x0000000084c80000)
 Metaspace       used 33472K, capacity 35486K, committed 35496K, reserved 1079296K
  class space    used 4417K, capacity 4774K, committed 4784K, reserved 1048576K
}
Event: 5.727 GC heap before
{Heap before GC invocations=10 (full 2):
 PSYoungGen      total 172032K, used 7163K [0x00000000d5d00000, 0x00000000e3480000, 0x0000000100000000)
  eden space 161280K, 0% used [0x00000000d5d00000,0x00000000d5d00000,0x00000000dfa80000)
  from space 10752K, 66% used [0x00000000e0480000,0x00000000e0b7ec50,0x00000000e0f00000)
  to   space 10240K, 0% used [0x00000000dfa80000,0x00000000dfa80000,0x00000000e0480000)
 ParOldGen       total 55808K, used 8133K [0x0000000081600000, 0x0000000084c80000, 0x00000000d5d00000)
  object space 55808K, 14% used [0x0000000081600000,0x0000000081df1510,0x0000000084c80000)
 Metaspace       used 33472K, capacity 35486K, committed 35496K, reserved 1079296K
  class space    used 4417K, capacity 4774K, committed 4784K, reserved 1048576K
Event: 5.803 GC heap after
Heap after GC invocations=10 (full 2):
 PSYoungGen      total 172032K, used 0K [0x00000000d5d00000, 0x00000000e3480000, 0x0000000100000000)
  eden space 161280K, 0% used [0x00000000d5d00000,0x00000000d5d00000,0x00000000dfa80000)
  from space 10752K, 0% used [0x00000000e0480000,0x00000000e0480000,0x00000000e0f00000)
  to   space 10240K, 0% used [0x00000000dfa80000,0x00000000dfa80000,0x00000000e0480000)
 ParOldGen       total 81920K, used 11850K [0x0000000081600000, 0x0000000086600000, 0x00000000d5d00000)
  object space 81920K, 14% used [0x0000000081600000,0x00000000821928f0,0x0000000086600000)
 Metaspace       used 33472K, capacity 35486K, committed 35496K, reserved 1079296K
  class space    used 4417K, capacity 4774K, committed 4784K, reserved 1048576K
}
Event: 10.420 GC heap before
{Heap before GC invocations=11 (full 2):
 PSYoungGen      total 172032K, used 161280K [0x00000000d5d00000, 0x00000000e3480000, 0x0000000100000000)
  eden space 161280K, 100% used [0x00000000d5d00000,0x00000000dfa80000,0x00000000dfa80000)
  from space 10752K, 0% used [0x00000000e0480000,0x00000000e0480000,0x00000000e0f00000)
  to   space 10240K, 0% used [0x00000000dfa80000,0x00000000dfa80000,0x00000000e0480000)
 ParOldGen       total 81920K, used 11850K [0x0000000081600000, 0x0000000086600000, 0x00000000d5d00000)
  object space 81920K, 14% used [0x0000000081600000,0x00000000821928f0,0x0000000086600000)
 Metaspace       used 49188K, capacity 51384K, committed 51752K, reserved 1093632K
  class space    used 6788K, capacity 7167K, committed 7216K, reserved 1048576K
Event: 10.451 GC heap after
Heap after GC invocations=11 (full 2):
 PSYoungGen      total 171520K, used 10232K [0x00000000d5d00000, 0x00000000e4400000, 0x0000000100000000)
  eden space 161280K, 0% used [0x00000000d5d00000,0x00000000d5d00000,0x00000000dfa80000)
  from space 10240K, 99% used [0x00000000dfa80000,0x00000000e047e230,0x00000000e0480000)
  to   space 14336K, 0% used [0x00000000e3600000,0x00000000e3600000,0x00000000e4400000)
 ParOldGen       total 81920K, used 19730K [0x0000000081600000, 0x0000000086600000, 0x00000000d5d00000)
  object space 81920K, 24% used [0x0000000081600000,0x0000000082944918,0x0000000086600000)
 Metaspace       used 49188K, capacity 51384K, committed 51752K, reserved 1093632K
  class space    used 6788K, capacity 7167K, committed 7216K, reserved 1048576K
}
Event: 22.099 GC heap before
{Heap before GC invocations=12 (full 2):
 PSYoungGen      total 171520K, used 101522K [0x00000000d5d00000, 0x00000000e4400000, 0x0000000100000000)
  eden space 161280K, 56% used [0x00000000d5d00000,0x00000000db626620,0x00000000dfa80000)
  from space 10240K, 99% used [0x00000000dfa80000,0x00000000e047e230,0x00000000e0480000)
  to   space 14336K, 0% used [0x00000000e3600000,0x00000000e3600000,0x00000000e4400000)
 ParOldGen       total 81920K, used 19730K [0x0000000081600000, 0x0000000086600000, 0x00000000d5d00000)
  object space 81920K, 24% used [0x0000000081600000,0x0000000082944918,0x0000000086600000)
 Metaspace       used 55893K, capacity 59044K, committed 59160K, reserved 1099776K
  class space    used 7719K, capacity 8215K, committed 8240K, reserved 1048576K
Event: 22.143 GC heap after
Heap after GC invocations=12 (full 2):
 PSYoungGen      total 216576K, used 14172K [0x00000000d5d00000, 0x00000000e4400000, 0x0000000100000000)
  eden space 202240K, 0% used [0x00000000d5d00000,0x00000000d5d00000,0x00000000e2280000)
  from space 14336K, 98% used [0x00000000e3600000,0x00000000e43d72c8,0x00000000e4400000)
  to   space 15872K, 0% used [0x00000000e2500000,0x00000000e2500000,0x00000000e3480000)
 ParOldGen       total 81920K, used 19738K [0x0000000081600000, 0x0000000086600000, 0x00000000d5d00000)
  object space 81920K, 24% used [0x0000000081600000,0x0000000082946918,0x0000000086600000)
 Metaspace       used 55893K, capacity 59044K, committed 59160K, reserved 1099776K
  class space    used 7719K, capacity 8215K, committed 8240K, reserved 1048576K
}
Event: 22.143 GC heap before
{Heap before GC invocations=13 (full 3):
 PSYoungGen      total 216576K, used 14172K [0x00000000d5d00000, 0x00000000e4400000, 0x0000000100000000)
  eden space 202240K, 0% used [0x00000000d5d00000,0x00000000d5d00000,0x00000000e2280000)
  from space 14336K, 98% used [0x00000000e3600000,0x00000000e43d72c8,0x00000000e4400000)
  to   space 15872K, 0% used [0x00000000e2500000,0x00000000e2500000,0x00000000e3480000)
 ParOldGen       total 81920K, used 19738K [0x0000000081600000, 0x0000000086600000, 0x00000000d5d00000)
  object space 81920K, 24% used [0x0000000081600000,0x0000000082946918,0x0000000086600000)
 Metaspace       used 55893K, capacity 59044K, committed 59160K, reserved 1099776K
  class space    used 7719K, capacity 8215K, committed 8240K, reserved 1048576K
Event: 22.538 GC heap after
Heap after GC invocations=13 (full 3):
 PSYoungGen      total 216576K, used 0K [0x00000000d5d00000, 0x00000000e4400000, 0x0000000100000000)
  eden space 202240K, 0% used [0x00000000d5d00000,0x00000000d5d00000,0x00000000e2280000)
  from space 14336K, 0% used [0x00000000e3600000,0x00000000e3600000,0x00000000e4400000)
  to   space 15872K, 0% used [0x00000000e2500000,0x00000000e2500000,0x00000000e3480000)
 ParOldGen       total 118784K, used 22941K [0x0000000081600000, 0x0000000088a00000, 0x00000000d5d00000)
  object space 118784K, 19% used [0x0000000081600000,0x0000000082c67798,0x0000000088a00000)
 Metaspace       used 55893K, capacity 59044K, committed 59160K, reserved 1099776K
  class space    used 7719K, capacity 8215K, committed 8240K, reserved 1048576K
}

