# JRE version: Java(TM) SE Runtime Environment (8.0_251-b08) (build 1.8.0_251-b08)
# Java VM: Java HotSpot(TM) 64-Bit Server VM (25.251-b08 mixed mode windows-amd64 compressed oops)
Heap:
 PSYoungGen      total 249344K, used 90252K [0x00000000d5580000, 0x00000000e6a80000, 0x0000000100000000)
  eden space 227328K, 32% used [0x00000000d5580000,0x00000000d9cc65a0,0x00000000e3380000)
  from space 22016K, 78% used [0x00000000e5500000,0x00000000e65dcc90,0x00000000e6a80000)
  to   space 28160K, 0% used [0x00000000e3380000,0x00000000e3380000,0x00000000e4f00000)
 ParOldGen       total 136704K, used 57914K [0x0000000080000000, 0x0000000088580000, 0x00000000d5580000)
  object space 136704K, 42% used [0x0000000080000000,0x000000008388e8f0,0x0000000088580000)
 Metaspace       used 85274K, capacity 90058K, committed 90240K, reserved 1126400K
  class space    used 11391K, capacity 12361K, committed 12416K, reserved 1048576K
GC Heap History (10 events):
Event: 7.961 GC heap before
{Heap before GC invocations=15 (full 3):
 PSYoungGen      total 186368K, used 13285K [0x00000000d5580000, 0x00000000e2d80000, 0x0000000100000000)
  eden space 168960K, 0% used [0x00000000d5580000,0x00000000d5580000,0x00000000dfa80000)
  from space 17408K, 76% used [0x00000000e0c80000,0x00000000e19797c8,0x00000000e1d80000)
  to   space 18432K, 0% used [0x00000000dfa80000,0x00000000dfa80000,0x00000000e0c80000)
 ParOldGen       total 89088K, used 30356K [0x0000000080000000, 0x0000000085700000, 0x00000000d5580000)
  object space 89088K, 34% used [0x0000000080000000,0x0000000081da5360,0x0000000085700000)
 Metaspace       used 57012K, capacity 59084K, committed 59160K, reserved 1099776K
  class space    used 7842K, capacity 8289K, committed 8320K, reserved 1048576K
Event: 8.140 GC heap after
Heap after GC invocations=15 (full 3):
 PSYoungGen      total 186368K, used 0K [0x00000000d5580000, 0x00000000e2d80000, 0x0000000100000000)
  eden space 168960K, 0% used [0x00000000d5580000,0x00000000d5580000,0x00000000dfa80000)
  from space 17408K, 0% used [0x00000000e0c80000,0x00000000e0c80000,0x00000000e1d80000)
  to   space 18432K, 0% used [0x00000000dfa80000,0x00000000dfa80000,0x00000000e0c80000)
 ParOldGen       total 136704K, used 33024K [0x0000000080000000, 0x0000000088580000, 0x00000000d5580000)
  object space 136704K, 24% used [0x0000000080000000,0x00000000820403c0,0x0000000088580000)
 Metaspace       used 56958K, capacity 58906K, committed 59160K, reserved 1099776K
  class space    used 7826K, capacity 8265K, committed 8320K, reserved 1048576K
}
Event: 9.669 GC heap before
{Heap before GC invocations=16 (full 3):
 PSYoungGen      total 186368K, used 168960K [0x00000000d5580000, 0x00000000e2d80000, 0x0000000100000000)
  eden space 168960K, 100% used [0x00000000d5580000,0x00000000dfa80000,0x00000000dfa80000)
  from space 17408K, 0% used [0x00000000e0c80000,0x00000000e0c80000,0x00000000e1d80000)
  to   space 18432K, 0% used [0x00000000dfa80000,0x00000000dfa80000,0x00000000e0c80000)
 ParOldGen       total 136704K, used 33024K [0x0000000080000000, 0x0000000088580000, 0x00000000d5580000)
  object space 136704K, 24% used [0x0000000080000000,0x00000000820403c0,0x0000000088580000)
 Metaspace       used 65351K, capacity 67892K, committed 68096K, reserved 1107968K
  class space    used 9122K, capacity 9655K, committed 9728K, reserved 1048576K
Event: 9.683 GC heap after
Heap after GC invocations=16 (full 3):
 PSYoungGen      total 187392K, used 13733K [0x00000000d5580000, 0x00000000e4200000, 0x0000000100000000)
  eden space 168960K, 0% used [0x00000000d5580000,0x00000000d5580000,0x00000000dfa80000)
  from space 18432K, 74% used [0x00000000dfa80000,0x00000000e07e9410,0x00000000e0c80000)
  to   space 18944K, 0% used [0x00000000e2f80000,0x00000000e2f80000,0x00000000e4200000)
 ParOldGen       total 136704K, used 33032K [0x0000000080000000, 0x0000000088580000, 0x00000000d5580000)
  object space 136704K, 24% used [0x0000000080000000,0x00000000820423c0,0x0000000088580000)
 Metaspace       used 65351K, capacity 67892K, committed 68096K, reserved 1107968K
  class space    used 9122K, capacity 9655K, committed 9728K, reserved 1048576K
}
Event: 11.870 GC heap before
{Heap before GC invocations=17 (full 3):
 PSYoungGen      total 187392K, used 182693K [0x00000000d5580000, 0x00000000e4200000, 0x0000000100000000)
  eden space 168960K, 100% used [0x00000000d5580000,0x00000000dfa80000,0x00000000dfa80000)
  from space 18432K, 74% used [0x00000000dfa80000,0x00000000e07e9410,0x00000000e0c80000)
  to   space 18944K, 0% used [0x00000000e2f80000,0x00000000e2f80000,0x00000000e4200000)
 ParOldGen       total 136704K, used 33032K [0x0000000080000000, 0x0000000088580000, 0x00000000d5580000)
  object space 136704K, 24% used [0x0000000080000000,0x00000000820423c0,0x0000000088580000)
 Metaspace       used 76518K, capacity 80222K, committed 80384K, reserved 1118208K
  class space    used 10528K, capacity 11223K, committed 11264K, reserved 1048576K
Event: 11.908 GC heap after
Heap after GC invocations=17 (full 3):
 PSYoungGen      total 218112K, used 18937K [0x00000000d5580000, 0x00000000e4c80000, 0x0000000100000000)
  eden space 199168K, 0% used [0x00000000d5580000,0x00000000d5580000,0x00000000e1800000)
  from space 18944K, 99% used [0x00000000e2f80000,0x00000000e41fe430,0x00000000e4200000)
  to   space 24064K, 0% used [0x00000000e1800000,0x00000000e1800000,0x00000000e2f80000)
 ParOldGen       total 136704K, used 39241K [0x0000000080000000, 0x0000000088580000, 0x00000000d5580000)
  object space 136704K, 28% used [0x0000000080000000,0x00000000826524d8,0x0000000088580000)
 Metaspace       used 76518K, capacity 80222K, committed 80384K, reserved 1118208K
  class space    used 10528K, capacity 11223K, committed 11264K, reserved 1048576K
}
Event: 209.154 GC heap before
{Heap before GC invocations=18 (full 3):
 PSYoungGen      total 218112K, used 218105K [0x00000000d5580000, 0x00000000e4c80000, 0x0000000100000000)
  eden space 199168K, 100% used [0x00000000d5580000,0x00000000e1800000,0x00000000e1800000)
  from space 18944K, 99% used [0x00000000e2f80000,0x00000000e41fe430,0x00000000e4200000)
  to   space 24064K, 0% used [0x00000000e1800000,0x00000000e1800000,0x00000000e2f80000)
 ParOldGen       total 136704K, used 39241K [0x0000000080000000, 0x0000000088580000, 0x00000000d5580000)
  object space 136704K, 28% used [0x0000000080000000,0x00000000826524d8,0x0000000088580000)
 Metaspace       used 79152K, capacity 83452K, committed 83584K, reserved 1122304K
  class space    used 10726K, capacity 11581K, committed 11648K, reserved 1048576K
Event: 209.180 GC heap after
Heap after GC invocations=18 (full 3):
 PSYoungGen      total 223232K, used 24035K [0x00000000d5580000, 0x00000000e7000000, 0x0000000100000000)
  eden space 199168K, 0% used [0x00000000d5580000,0x00000000d5580000,0x00000000e1800000)
  from space 24064K, 99% used [0x00000000e1800000,0x00000000e2f78ec0,0x00000000e2f80000)
  to   space 27648K, 0% used [0x00000000e5500000,0x00000000e5500000,0x00000000e7000000)
 ParOldGen       total 136704K, used 40722K [0x0000000080000000, 0x0000000088580000, 0x00000000d5580000)
  object space 136704K, 29% used [0x0000000080000000,0x00000000827c49a0,0x0000000088580000)
 Metaspace       used 79152K, capacity 83452K, committed 83584K, reserved 1122304K
  class space    used 10726K, capacity 11581K, committed 11648K, reserved 1048576K
}
Event: 366.360 GC heap before
{Heap before GC invocations=19 (full 3):
 PSYoungGen      total 223232K, used 223203K [0x00000000d5580000, 0x00000000e7000000, 0x0000000100000000)
  eden space 199168K, 100% used [0x00000000d5580000,0x00000000e1800000,0x00000000e1800000)
  from space 24064K, 99% used [0x00000000e1800000,0x00000000e2f78ec0,0x00000000e2f80000)
  to   space 27648K, 0% used [0x00000000e5500000,0x00000000e5500000,0x00000000e7000000)
 ParOldGen       total 136704K, used 40722K [0x0000000080000000, 0x0000000088580000, 0x00000000d5580000)
  object space 136704K, 29% used [0x0000000080000000,0x00000000827c49a0,0x0000000088580000)
 Metaspace       used 84338K, capacity 88938K, committed 89216K, reserved 1126400K
  class space    used 11267K, capacity 12139K, committed 12160K, reserved 1048576K
Event: 366.388 GC heap after
Heap after GC invocations=19 (full 3):
 PSYoungGen      total 249344K, used 17267K [0x00000000d5580000, 0x00000000e6a80000, 0x0000000100000000)
  eden space 227328K, 0% used [0x00000000d5580000,0x00000000d5580000,0x00000000e3380000)
  from space 22016K, 78% used [0x00000000e5500000,0x00000000e65dcc90,0x00000000e6a80000)
  to   space 28160K, 0% used [0x00000000e3380000,0x00000000e3380000,0x00000000e4f00000)
 ParOldGen       total 136704K, used 57914K [0x0000000080000000, 0x0000000088580000, 0x00000000d5580000)
  object space 136704K, 42% used [0x0000000080000000,0x000000008388e8f0,0x0000000088580000)
 Metaspace       used 84338K, capacity 88938K, committed 89216K, reserved 1126400K
  class space    used 11267K, capacity 12139K, committed 12160K, reserved 1048576K
}

