# JRE version: Java(TM) SE Runtime Environment (8.0_251-b08) (build 1.8.0_251-b08)
# Java VM: Java HotSpot(TM) 64-Bit Server VM (25.251-b08 mixed mode windows-amd64 compressed oops)
Heap:
 PSYoungGen      total 224768K, used 42739K [0x00000000d5580000, 0x00000000e4880000, 0x0000000100000000)
  eden space 200704K, 10% used [0x00000000d5580000,0x00000000d6971840,0x00000000e1980000)
  from space 24064K, 92% used [0x00000000e1980000,0x00000000e2f4b430,0x00000000e3100000)
  to   space 22016K, 0% used [0x00000000e3280000,0x00000000e3280000,0x00000000e4800000)
 ParOldGen       total 135680K, used 30175K [0x0000000080000000, 0x0000000088480000, 0x00000000d5580000)
  object space 135680K, 22% used [0x0000000080000000,0x0000000081d77e50,0x0000000088480000)
 Metaspace       used 71116K, capacity 74886K, committed 75136K, reserved 1114112K
  class space    used 9846K, capacity 10546K, committed 10624K, reserved 1048576K
GC Heap History (10 events):
Event: 6.905 GC heap before
{Heap before GC invocations=14 (full 2):
 PSYoungGen      total 154624K, used 37655K [0x00000000d5580000, 0x00000000e2080000, 0x0000000100000000)
  eden space 140800K, 16% used [0x00000000d5580000,0x00000000d6cc8e88,0x00000000ddf00000)
  from space 13824K, 99% used [0x00000000ddf00000,0x00000000dec7cef0,0x00000000dec80000)
  to   space 18944K, 0% used [0x00000000e0e00000,0x00000000e0e00000,0x00000000e2080000)
 ParOldGen       total 89088K, used 27042K [0x0000000080000000, 0x0000000085700000, 0x00000000d5580000)
  object space 89088K, 30% used [0x0000000080000000,0x0000000081a68b88,0x0000000085700000)
 Metaspace       used 57168K, capacity 59086K, committed 59136K, reserved 1099776K
  class space    used 8017K, capacity 8448K, committed 8448K, reserved 1048576K
Event: 6.915 GC heap after
Heap after GC invocations=14 (full 2):
 PSYoungGen      total 188416K, used 2498K [0x00000000d5580000, 0x00000000e3100000, 0x0000000100000000)
  eden space 169472K, 0% used [0x00000000d5580000,0x00000000d5580000,0x00000000dfb00000)
  from space 18944K, 13% used [0x00000000e0e00000,0x00000000e1070af0,0x00000000e2080000)
  to   space 19456K, 0% used [0x00000000dfb00000,0x00000000dfb00000,0x00000000e0e00000)
 ParOldGen       total 89088K, used 35990K [0x0000000080000000, 0x0000000085700000, 0x00000000d5580000)
  object space 89088K, 40% used [0x0000000080000000,0x0000000082325ad8,0x0000000085700000)
 Metaspace       used 57168K, capacity 59086K, committed 59136K, reserved 1099776K
  class space    used 8017K, capacity 8448K, committed 8448K, reserved 1048576K
}
Event: 6.915 GC heap before
{Heap before GC invocations=15 (full 3):
 PSYoungGen      total 188416K, used 2498K [0x00000000d5580000, 0x00000000e3100000, 0x0000000100000000)
  eden space 169472K, 0% used [0x00000000d5580000,0x00000000d5580000,0x00000000dfb00000)
  from space 18944K, 13% used [0x00000000e0e00000,0x00000000e1070af0,0x00000000e2080000)
  to   space 19456K, 0% used [0x00000000dfb00000,0x00000000dfb00000,0x00000000e0e00000)
 ParOldGen       total 89088K, used 35990K [0x0000000080000000, 0x0000000085700000, 0x00000000d5580000)
  object space 89088K, 40% used [0x0000000080000000,0x0000000082325ad8,0x0000000085700000)
 Metaspace       used 57168K, capacity 59086K, committed 59136K, reserved 1099776K
  class space    used 8017K, capacity 8448K, committed 8448K, reserved 1048576K
Event: 7.123 GC heap after
Heap after GC invocations=15 (full 3):
 PSYoungGen      total 188416K, used 0K [0x00000000d5580000, 0x00000000e3100000, 0x0000000100000000)
  eden space 169472K, 0% used [0x00000000d5580000,0x00000000d5580000,0x00000000dfb00000)
  from space 18944K, 0% used [0x00000000e0e00000,0x00000000e0e00000,0x00000000e2080000)
  to   space 19456K, 0% used [0x00000000dfb00000,0x00000000dfb00000,0x00000000e0e00000)
 ParOldGen       total 135680K, used 30151K [0x0000000080000000, 0x0000000088480000, 0x00000000d5580000)
  object space 135680K, 22% used [0x0000000080000000,0x0000000081d71e50,0x0000000088480000)
 Metaspace       used 57131K, capacity 58960K, committed 59136K, reserved 1099776K
  class space    used 8005K, capacity 8427K, committed 8448K, reserved 1048576K
}
Event: 9.197 GC heap before
{Heap before GC invocations=16 (full 3):
 PSYoungGen      total 188416K, used 169472K [0x00000000d5580000, 0x00000000e3100000, 0x0000000100000000)
  eden space 169472K, 100% used [0x00000000d5580000,0x00000000dfb00000,0x00000000dfb00000)
  from space 18944K, 0% used [0x00000000e0e00000,0x00000000e0e00000,0x00000000e2080000)
  to   space 19456K, 0% used [0x00000000dfb00000,0x00000000dfb00000,0x00000000e0e00000)
 ParOldGen       total 135680K, used 30151K [0x0000000080000000, 0x0000000088480000, 0x00000000d5580000)
  object space 135680K, 22% used [0x0000000080000000,0x0000000081d71e50,0x0000000088480000)
 Metaspace       used 62625K, capacity 65894K, committed 66176K, reserved 1105920K
  class space    used 8873K, capacity 9492K, committed 9600K, reserved 1048576K
Event: 9.216 GC heap after
Heap after GC invocations=16 (full 3):
 PSYoungGen      total 188928K, used 18617K [0x00000000d5580000, 0x00000000e4800000, 0x0000000100000000)
  eden space 169472K, 0% used [0x00000000d5580000,0x00000000d5580000,0x00000000dfb00000)
  from space 19456K, 95% used [0x00000000dfb00000,0x00000000e0d2e578,0x00000000e0e00000)
  to   space 22016K, 0% used [0x00000000e3280000,0x00000000e3280000,0x00000000e4800000)
 ParOldGen       total 135680K, used 30159K [0x0000000080000000, 0x0000000088480000, 0x00000000d5580000)
  object space 135680K, 22% used [0x0000000080000000,0x0000000081d73e50,0x0000000088480000)
 Metaspace       used 62625K, capacity 65894K, committed 66176K, reserved 1105920K
  class space    used 8873K, capacity 9492K, committed 9600K, reserved 1048576K
}
Event: 11.204 GC heap before
{Heap before GC invocations=17 (full 3):
 PSYoungGen      total 188928K, used 188089K [0x00000000d5580000, 0x00000000e4800000, 0x0000000100000000)
  eden space 169472K, 100% used [0x00000000d5580000,0x00000000dfb00000,0x00000000dfb00000)
  from space 19456K, 95% used [0x00000000dfb00000,0x00000000e0d2e578,0x00000000e0e00000)
  to   space 22016K, 0% used [0x00000000e3280000,0x00000000e3280000,0x00000000e4800000)
 ParOldGen       total 135680K, used 30159K [0x0000000080000000, 0x0000000088480000, 0x00000000d5580000)
  object space 135680K, 22% used [0x0000000080000000,0x0000000081d73e50,0x0000000088480000)
 Metaspace       used 67580K, capacity 71240K, committed 71424K, reserved 1110016K
  class space    used 9451K, capacity 10141K, committed 10240K, reserved 1048576K
Event: 11.220 GC heap after
Heap after GC invocations=17 (full 3):
 PSYoungGen      total 222720K, used 18322K [0x00000000d5580000, 0x00000000e4880000, 0x0000000100000000)
  eden space 200704K, 0% used [0x00000000d5580000,0x00000000d5580000,0x00000000e1980000)
  from space 22016K, 83% used [0x00000000e3280000,0x00000000e4464a48,0x00000000e4800000)
  to   space 24064K, 0% used [0x00000000e1980000,0x00000000e1980000,0x00000000e3100000)
 ParOldGen       total 135680K, used 30167K [0x0000000080000000, 0x0000000088480000, 0x00000000d5580000)
  object space 135680K, 22% used [0x0000000080000000,0x0000000081d75e50,0x0000000088480000)
 Metaspace       used 67580K, capacity 71240K, committed 71424K, reserved 1110016K
  class space    used 9451K, capacity 10141K, committed 10240K, reserved 1048576K
}
Event: 16.243 GC heap before
{Heap before GC invocations=18 (full 3):
 PSYoungGen      total 222720K, used 219026K [0x00000000d5580000, 0x00000000e4880000, 0x0000000100000000)
  eden space 200704K, 100% used [0x00000000d5580000,0x00000000e1980000,0x00000000e1980000)
  from space 22016K, 83% used [0x00000000e3280000,0x00000000e4464a48,0x00000000e4800000)
  to   space 24064K, 0% used [0x00000000e1980000,0x00000000e1980000,0x00000000e3100000)
 ParOldGen       total 135680K, used 30167K [0x0000000080000000, 0x0000000088480000, 0x00000000d5580000)
  object space 135680K, 22% used [0x0000000080000000,0x0000000081d75e50,0x0000000088480000)
 Metaspace       used 71114K, capacity 74886K, committed 75136K, reserved 1114112K
  class space    used 9846K, capacity 10546K, committed 10624K, reserved 1048576K
Event: 16.270 GC heap after
Heap after GC invocations=18 (full 3):
 PSYoungGen      total 224768K, used 22317K [0x00000000d5580000, 0x00000000e4880000, 0x0000000100000000)
  eden space 200704K, 0% used [0x00000000d5580000,0x00000000d5580000,0x00000000e1980000)
  from space 24064K, 92% used [0x00000000e1980000,0x00000000e2f4b430,0x00000000e3100000)
  to   space 22016K, 0% used [0x00000000e3280000,0x00000000e3280000,0x00000000e4800000)
 ParOldGen       total 135680K, used 30175K [0x0000000080000000, 0x0000000088480000, 0x00000000d5580000)
  object space 135680K, 22% used [0x0000000080000000,0x0000000081d77e50,0x0000000088480000)
 Metaspace       used 71114K, capacity 74886K, committed 75136K, reserved 1114112K
  class space    used 9846K, capacity 10546K, committed 10624K, reserved 1048576K
}

