# JRE version: Java(TM) SE Runtime Environment (8.0_251-b08) (build 1.8.0_251-b08)
# Java VM: Java HotSpot(TM) 64-Bit Server VM (25.251-b08 mixed mode windows-amd64 compressed oops)
Heap:
 PSYoungGen      total 428032K, used 207286K [0x00000000d5580000, 0x00000000f2400000, 0x0000000100000000)
  eden space 395776K, 52% used [0x00000000d5580000,0x00000000e1feda30,0x00000000ed800000)
  from space 32256K, 0% used [0x00000000f0480000,0x00000000f0480000,0x00000000f2400000)
  to   space 38912K, 0% used [0x00000000ed800000,0x00000000ed800000,0x00000000efe00000)
 ParOldGen       total 203776K, used 57714K [0x0000000080000000, 0x000000008c700000, 0x00000000d5580000)
  object space 203776K, 28% used [0x0000000080000000,0x000000008385cb28,0x000000008c700000)
 Metaspace       used 94256K, capacity 98478K, committed 100608K, reserved 1136640K
  class space    used 12564K, capacity 13324K, committed 13824K, reserved 1048576K
GC Heap History (10 events):
Event: 23.992 GC heap before
{Heap before GC invocations=24 (full 3):
 PSYoungGen      total 335360K, used 310487K [0x00000000d5580000, 0x00000000ec780000, 0x0000000100000000)
  eden space 291840K, 100% used [0x00000000d5580000,0x00000000e7280000,0x00000000e7280000)
  from space 43520K, 42% used [0x00000000e9d00000,0x00000000eaf35e10,0x00000000ec780000)
  to   space 43520K, 0% used [0x00000000e7280000,0x00000000e7280000,0x00000000e9d00000)
 ParOldGen       total 138240K, used 60440K [0x0000000080000000, 0x0000000088700000, 0x00000000d5580000)
  object space 138240K, 43% used [0x0000000080000000,0x0000000083b060b8,0x0000000088700000)
 Metaspace       used 87798K, capacity 92970K, committed 93184K, reserved 1130496K
  class space    used 12113K, capacity 12956K, committed 13056K, reserved 1048576K
Event: 24.012 GC heap after
Heap after GC invocations=24 (full 3):
 PSYoungGen      total 335360K, used 9883K [0x00000000d5580000, 0x00000000eff80000, 0x0000000100000000)
  eden space 291840K, 0% used [0x00000000d5580000,0x00000000d5580000,0x00000000e7280000)
  from space 43520K, 22% used [0x00000000e7280000,0x00000000e7c26c08,0x00000000e9d00000)
  to   space 43008K, 0% used [0x00000000ed580000,0x00000000ed580000,0x00000000eff80000)
 ParOldGen       total 138240K, used 69293K [0x0000000080000000, 0x0000000088700000, 0x00000000d5580000)
  object space 138240K, 50% used [0x0000000080000000,0x00000000843ab730,0x0000000088700000)
 Metaspace       used 87798K, capacity 92970K, committed 93184K, reserved 1130496K
  class space    used 12113K, capacity 12956K, committed 13056K, reserved 1048576K
}
Event: 24.918 GC heap before
{Heap before GC invocations=25 (full 3):
 PSYoungGen      total 335360K, used 301723K [0x00000000d5580000, 0x00000000eff80000, 0x0000000100000000)
  eden space 291840K, 100% used [0x00000000d5580000,0x00000000e7280000,0x00000000e7280000)
  from space 43520K, 22% used [0x00000000e7280000,0x00000000e7c26c08,0x00000000e9d00000)
  to   space 43008K, 0% used [0x00000000ed580000,0x00000000ed580000,0x00000000eff80000)
 ParOldGen       total 138240K, used 69293K [0x0000000080000000, 0x0000000088700000, 0x00000000d5580000)
  object space 138240K, 50% used [0x0000000080000000,0x00000000843ab730,0x0000000088700000)
 Metaspace       used 87938K, capacity 93154K, committed 93440K, reserved 1130496K
  class space    used 12122K, capacity 12990K, committed 13056K, reserved 1048576K
Event: 24.929 GC heap after
Heap after GC invocations=25 (full 3):
 PSYoungGen      total 381952K, used 4704K [0x00000000d5580000, 0x00000000efa00000, 0x0000000100000000)
  eden space 344576K, 0% used [0x00000000d5580000,0x00000000d5580000,0x00000000ea600000)
  from space 37376K, 12% used [0x00000000ed580000,0x00000000eda18000,0x00000000efa00000)
  to   space 43008K, 0% used [0x00000000ea600000,0x00000000ea600000,0x00000000ed000000)
 ParOldGen       total 138240K, used 73997K [0x0000000080000000, 0x0000000088700000, 0x00000000d5580000)
  object space 138240K, 53% used [0x0000000080000000,0x0000000084843738,0x0000000088700000)
 Metaspace       used 87938K, capacity 93154K, committed 93440K, reserved 1130496K
  class space    used 12122K, capacity 12990K, committed 13056K, reserved 1048576K
}
Event: 26.556 GC heap before
{Heap before GC invocations=26 (full 3):
 PSYoungGen      total 381952K, used 349013K [0x00000000d5580000, 0x00000000efa00000, 0x0000000100000000)
  eden space 344576K, 99% used [0x00000000d5580000,0x00000000ea5bd7d8,0x00000000ea600000)
  from space 37376K, 12% used [0x00000000ed580000,0x00000000eda18000,0x00000000efa00000)
  to   space 43008K, 0% used [0x00000000ea600000,0x00000000ea600000,0x00000000ed000000)
 ParOldGen       total 138240K, used 73997K [0x0000000080000000, 0x0000000088700000, 0x00000000d5580000)
  object space 138240K, 53% used [0x0000000080000000,0x0000000084843738,0x0000000088700000)
 Metaspace       used 88783K, capacity 94138K, committed 94336K, reserved 1130496K
  class space    used 12211K, capacity 13126K, committed 13184K, reserved 1048576K
Event: 26.573 GC heap after
Heap after GC invocations=26 (full 3):
 PSYoungGen      total 387584K, used 17390K [0x00000000d5580000, 0x00000000f2c00000, 0x0000000100000000)
  eden space 344576K, 0% used [0x00000000d5580000,0x00000000d5580000,0x00000000ea600000)
  from space 43008K, 40% used [0x00000000ea600000,0x00000000eb6fb948,0x00000000ed000000)
  to   space 40448K, 0% used [0x00000000f0480000,0x00000000f0480000,0x00000000f2c00000)
 ParOldGen       total 138240K, used 74005K [0x0000000080000000, 0x0000000088700000, 0x00000000d5580000)
  object space 138240K, 53% used [0x0000000080000000,0x0000000084845738,0x0000000088700000)
 Metaspace       used 88783K, capacity 94138K, committed 94336K, reserved 1130496K
  class space    used 12211K, capacity 13126K, committed 13184K, reserved 1048576K
}
Event: 28.062 GC heap before
{Heap before GC invocations=27 (full 3):
 PSYoungGen      total 387584K, used 253519K [0x00000000d5580000, 0x00000000f2c00000, 0x0000000100000000)
  eden space 344576K, 68% used [0x00000000d5580000,0x00000000e3c18320,0x00000000ea600000)
  from space 43008K, 40% used [0x00000000ea600000,0x00000000eb6fb948,0x00000000ed000000)
  to   space 40448K, 0% used [0x00000000f0480000,0x00000000f0480000,0x00000000f2c00000)
 ParOldGen       total 138240K, used 74005K [0x0000000080000000, 0x0000000088700000, 0x00000000d5580000)
  object space 138240K, 53% used [0x0000000080000000,0x0000000084845738,0x0000000088700000)
 Metaspace       used 92954K, capacity 98458K, committed 98560K, reserved 1134592K
  class space    used 12596K, capacity 13510K, committed 13568K, reserved 1048576K
Event: 28.078 GC heap after
Heap after GC invocations=27 (full 3):
 PSYoungGen      total 428032K, used 11633K [0x00000000d5580000, 0x00000000f2400000, 0x0000000100000000)
  eden space 395776K, 0% used [0x00000000d5580000,0x00000000d5580000,0x00000000ed800000)
  from space 32256K, 36% used [0x00000000f0480000,0x00000000f0fdc508,0x00000000f2400000)
  to   space 38912K, 0% used [0x00000000ed800000,0x00000000ed800000,0x00000000efe00000)
 ParOldGen       total 138240K, used 74013K [0x0000000080000000, 0x0000000088700000, 0x00000000d5580000)
  object space 138240K, 53% used [0x0000000080000000,0x0000000084847738,0x0000000088700000)
 Metaspace       used 92954K, capacity 98458K, committed 98560K, reserved 1134592K
  class space    used 12596K, capacity 13510K, committed 13568K, reserved 1048576K
}
Event: 28.078 GC heap before
{Heap before GC invocations=28 (full 4):
 PSYoungGen      total 428032K, used 11633K [0x00000000d5580000, 0x00000000f2400000, 0x0000000100000000)
  eden space 395776K, 0% used [0x00000000d5580000,0x00000000d5580000,0x00000000ed800000)
  from space 32256K, 36% used [0x00000000f0480000,0x00000000f0fdc508,0x00000000f2400000)
  to   space 38912K, 0% used [0x00000000ed800000,0x00000000ed800000,0x00000000efe00000)
 ParOldGen       total 138240K, used 74013K [0x0000000080000000, 0x0000000088700000, 0x00000000d5580000)
  object space 138240K, 53% used [0x0000000080000000,0x0000000084847738,0x0000000088700000)
 Metaspace       used 92954K, capacity 98458K, committed 98560K, reserved 1134592K
  class space    used 12596K, capacity 13510K, committed 13568K, reserved 1048576K
Event: 28.234 GC heap after
Heap after GC invocations=28 (full 4):
 PSYoungGen      total 428032K, used 0K [0x00000000d5580000, 0x00000000f2400000, 0x0000000100000000)
  eden space 395776K, 0% used [0x00000000d5580000,0x00000000d5580000,0x00000000ed800000)
  from space 32256K, 0% used [0x00000000f0480000,0x00000000f0480000,0x00000000f2400000)
  to   space 38912K, 0% used [0x00000000ed800000,0x00000000ed800000,0x00000000efe00000)
 ParOldGen       total 203776K, used 57714K [0x0000000080000000, 0x000000008c700000, 0x00000000d5580000)
  object space 203776K, 28% used [0x0000000080000000,0x000000008385cb28,0x000000008c700000)
 Metaspace       used 92073K, capacity 96028K, committed 98560K, reserved 1134592K
  class space    used 12294K, capacity 12991K, committed 13568K, reserved 1048576K
}

