# JRE version: Java(TM) SE Runtime Environment (8.0_251-b08) (build 1.8.0_251-b08)
# Java VM: Java HotSpot(TM) 64-Bit Server VM (25.251-b08 mixed mode windows-amd64 compressed oops)
Heap:
 PSYoungGen      total 188928K, used 186832K [0x00000000d5580000, 0x00000000e4980000, 0x0000000100000000)
  eden space 169472K, 100% used [0x00000000d5580000,0x00000000dfb00000,0x00000000dfb00000)
  from space 19456K, 89% used [0x00000000dfb00000,0x00000000e0bf4280,0x00000000e0e00000)
  to   space 21504K, 47% used [0x00000000e3480000,0x00000000e3e800e0,0x00000000e4980000)
 ParOldGen       total 135680K, used 30141K [0x0000000080000000, 0x0000000088480000, 0x00000000d5580000)
  object space 135680K, 22% used [0x0000000080000000,0x0000000081d6f438,0x0000000088480000)
 Metaspace       used 68047K, capacity 71822K, committed 71936K, reserved 1112064K
  class space    used 9456K, capacity 10170K, committed 10240K, reserved 1048576K
GC Heap History (10 events):
Event: 5.635 GC heap after
Heap after GC invocations=12 (full 2):
 PSYoungGen      total 147456K, used 11754K [0x00000000d5580000, 0x00000000e0000000, 0x0000000100000000)
  eden space 135680K, 0% used [0x00000000d5580000,0x00000000d5580000,0x00000000dda00000)
  from space 11776K, 99% used [0x00000000df480000,0x00000000dfffab80,0x00000000e0000000)
  to   space 14336K, 0% used [0x00000000de400000,0x00000000de400000,0x00000000df200000)
 ParOldGen       total 89600K, used 17615K [0x0000000080000000, 0x0000000085780000, 0x00000000d5580000)
  object space 89600K, 19% used [0x0000000080000000,0x0000000081133c70,0x0000000085780000)
 Metaspace       used 44160K, capacity 45632K, committed 45696K, reserved 1089536K
  class space    used 6135K, capacity 6494K, committed 6528K, reserved 1048576K
}
Event: 7.083 GC heap before
{Heap before GC invocations=13 (full 2):
 PSYoungGen      total 147456K, used 147434K [0x00000000d5580000, 0x00000000e0000000, 0x0000000100000000)
  eden space 135680K, 100% used [0x00000000d5580000,0x00000000dda00000,0x00000000dda00000)
  from space 11776K, 99% used [0x00000000df480000,0x00000000dfffab80,0x00000000e0000000)
  to   space 14336K, 0% used [0x00000000de400000,0x00000000de400000,0x00000000df200000)
 ParOldGen       total 89600K, used 17615K [0x0000000080000000, 0x0000000085780000, 0x00000000d5580000)
  object space 89600K, 19% used [0x0000000080000000,0x0000000081133c70,0x0000000085780000)
 Metaspace       used 55182K, capacity 57166K, committed 57344K, reserved 1097728K
  class space    used 7704K, capacity 8142K, committed 8192K, reserved 1048576K
Event: 7.100 GC heap after
Heap after GC invocations=13 (full 2):
 PSYoungGen      total 160256K, used 14326K [0x00000000d5580000, 0x00000000e2100000, 0x0000000100000000)
  eden space 145920K, 0% used [0x00000000d5580000,0x00000000d5580000,0x00000000de400000)
  from space 14336K, 99% used [0x00000000de400000,0x00000000df1fdbe0,0x00000000df200000)
  to   space 19456K, 0% used [0x00000000e0e00000,0x00000000e0e00000,0x00000000e2100000)
 ParOldGen       total 89600K, used 26781K [0x0000000080000000, 0x0000000085780000, 0x00000000d5580000)
  object space 89600K, 29% used [0x0000000080000000,0x0000000081a27588,0x0000000085780000)
 Metaspace       used 55182K, capacity 57166K, committed 57344K, reserved 1097728K
  class space    used 7704K, capacity 8142K, committed 8192K, reserved 1048576K
}
Event: 7.310 GC heap before
{Heap before GC invocations=14 (full 2):
 PSYoungGen      total 160256K, used 38842K [0x00000000d5580000, 0x00000000e2100000, 0x0000000100000000)
  eden space 145920K, 16% used [0x00000000d5580000,0x00000000d6d70cf8,0x00000000de400000)
  from space 14336K, 99% used [0x00000000de400000,0x00000000df1fdbe0,0x00000000df200000)
  to   space 19456K, 0% used [0x00000000e0e00000,0x00000000e0e00000,0x00000000e2100000)
 ParOldGen       total 89600K, used 26781K [0x0000000080000000, 0x0000000085780000, 0x00000000d5580000)
  object space 89600K, 29% used [0x0000000080000000,0x0000000081a27588,0x0000000085780000)
 Metaspace       used 57143K, capacity 59088K, committed 59136K, reserved 1099776K
  class space    used 8016K, capacity 8447K, committed 8448K, reserved 1048576K
Event: 7.321 GC heap after
Heap after GC invocations=14 (full 2):
 PSYoungGen      total 188928K, used 2481K [0x00000000d5580000, 0x00000000e3680000, 0x0000000100000000)
  eden space 169472K, 0% used [0x00000000d5580000,0x00000000d5580000,0x00000000dfb00000)
  from space 19456K, 12% used [0x00000000e0e00000,0x00000000e106c5a8,0x00000000e2100000)
  to   space 19456K, 0% used [0x00000000dfb00000,0x00000000dfb00000,0x00000000e0e00000)
 ParOldGen       total 89600K, used 35693K [0x0000000080000000, 0x0000000085780000, 0x00000000d5580000)
  object space 89600K, 39% used [0x0000000080000000,0x00000000822db458,0x0000000085780000)
 Metaspace       used 57143K, capacity 59088K, committed 59136K, reserved 1099776K
  class space    used 8016K, capacity 8447K, committed 8448K, reserved 1048576K
}
Event: 7.321 GC heap before
{Heap before GC invocations=15 (full 3):
 PSYoungGen      total 188928K, used 2481K [0x00000000d5580000, 0x00000000e3680000, 0x0000000100000000)
  eden space 169472K, 0% used [0x00000000d5580000,0x00000000d5580000,0x00000000dfb00000)
  from space 19456K, 12% used [0x00000000e0e00000,0x00000000e106c5a8,0x00000000e2100000)
  to   space 19456K, 0% used [0x00000000dfb00000,0x00000000dfb00000,0x00000000e0e00000)
 ParOldGen       total 89600K, used 35693K [0x0000000080000000, 0x0000000085780000, 0x00000000d5580000)
  object space 89600K, 39% used [0x0000000080000000,0x00000000822db458,0x0000000085780000)
 Metaspace       used 57143K, capacity 59088K, committed 59136K, reserved 1099776K
  class space    used 8016K, capacity 8447K, committed 8448K, reserved 1048576K
Event: 7.526 GC heap after
Heap after GC invocations=15 (full 3):
 PSYoungGen      total 188928K, used 0K [0x00000000d5580000, 0x00000000e3680000, 0x0000000100000000)
  eden space 169472K, 0% used [0x00000000d5580000,0x00000000d5580000,0x00000000dfb00000)
  from space 19456K, 0% used [0x00000000e0e00000,0x00000000e0e00000,0x00000000e2100000)
  to   space 19456K, 0% used [0x00000000dfb00000,0x00000000dfb00000,0x00000000e0e00000)
 ParOldGen       total 135680K, used 30133K [0x0000000080000000, 0x0000000088480000, 0x00000000d5580000)
  object space 135680K, 22% used [0x0000000080000000,0x0000000081d6d438,0x0000000088480000)
 Metaspace       used 57107K, capacity 58968K, committed 59136K, reserved 1099776K
  class space    used 8005K, capacity 8427K, committed 8448K, reserved 1048576K
}
Event: 9.026 GC heap before
{Heap before GC invocations=16 (full 3):
 PSYoungGen      total 188928K, used 169472K [0x00000000d5580000, 0x00000000e3680000, 0x0000000100000000)
  eden space 169472K, 100% used [0x00000000d5580000,0x00000000dfb00000,0x00000000dfb00000)
  from space 19456K, 0% used [0x00000000e0e00000,0x00000000e0e00000,0x00000000e2100000)
  to   space 19456K, 0% used [0x00000000dfb00000,0x00000000dfb00000,0x00000000e0e00000)
 ParOldGen       total 135680K, used 30133K [0x0000000080000000, 0x0000000088480000, 0x00000000d5580000)
  object space 135680K, 22% used [0x0000000080000000,0x0000000081d6d438,0x0000000088480000)
 Metaspace       used 63399K, capacity 66948K, committed 67072K, reserved 1105920K
  class space    used 8993K, capacity 9681K, committed 9728K, reserved 1048576K
Event: 9.048 GC heap after
Heap after GC invocations=16 (full 3):
 PSYoungGen      total 188928K, used 17360K [0x00000000d5580000, 0x00000000e4980000, 0x0000000100000000)
  eden space 169472K, 0% used [0x00000000d5580000,0x00000000d5580000,0x00000000dfb00000)
  from space 19456K, 89% used [0x00000000dfb00000,0x00000000e0bf4280,0x00000000e0e00000)
  to   space 21504K, 0% used [0x00000000e3480000,0x00000000e3480000,0x00000000e4980000)
 ParOldGen       total 135680K, used 30141K [0x0000000080000000, 0x0000000088480000, 0x00000000d5580000)
  object space 135680K, 22% used [0x0000000080000000,0x0000000081d6f438,0x0000000088480000)
 Metaspace       used 63399K, capacity 66948K, committed 67072K, reserved 1105920K
  class space    used 8993K, capacity 9681K, committed 9728K, reserved 1048576K
}
Event: 10.813 GC heap before
{Heap before GC invocations=17 (full 3):
 PSYoungGen      total 188928K, used 186832K [0x00000000d5580000, 0x00000000e4980000, 0x0000000100000000)
  eden space 169472K, 100% used [0x00000000d5580000,0x00000000dfb00000,0x00000000dfb00000)
  from space 19456K, 89% used [0x00000000dfb00000,0x00000000e0bf4280,0x00000000e0e00000)
  to   space 21504K, 0% used [0x00000000e3480000,0x00000000e3480000,0x00000000e4980000)
 ParOldGen       total 135680K, used 30141K [0x0000000080000000, 0x0000000088480000, 0x00000000d5580000)
  object space 135680K, 22% used [0x0000000080000000,0x0000000081d6f438,0x0000000088480000)
 Metaspace       used 68047K, capacity 71822K, committed 71936K, reserved 1112064K
  class space    used 9456K, capacity 10170K, committed 10240K, reserved 1048576K

