# JRE version: Java(TM) SE Runtime Environment (8.0_251-b08) (build 1.8.0_251-b08)
# Java VM: Java HotSpot(TM) 64-Bit Server VM (25.251-b08 mixed mode windows-amd64 compressed oops)
Heap:
 PSYoungGen      total 53760K, used 20825K [0x00000000d5580000, 0x00000000da380000, 0x0000000100000000)
  eden space 43008K, 31% used [0x00000000d5580000,0x00000000d62ee728,0x00000000d7f80000)
  from space 10752K, 65% used [0x00000000d7f80000,0x00000000d8667f70,0x00000000d8a00000)
  to   space 10752K, 0% used [0x00000000d9900000,0x00000000d9900000,0x00000000da380000)
 ParOldGen       total 60928K, used 8788K [0x0000000080000000, 0x0000000083b80000, 0x00000000d5580000)
  object space 60928K, 14% used [0x0000000080000000,0x0000000080895238,0x0000000083b80000)
 Metaspace       used 31843K, capacity 32584K, committed 32896K, reserved 1077248K
  class space    used 4428K, capacity 4670K, committed 4736K, reserved 1048576K
GC Heap History (10 events):
Event: 4.454 GC heap before
{Heap before GC invocations=6 (full 0):
 PSYoungGen      total 38400K, used 31374K [0x00000000d5580000, 0x00000000d8000000, 0x0000000100000000)
  eden space 33280K, 78% used [0x00000000d5580000,0x00000000d6f27b80,0x00000000d7600000)
  from space 5120K, 99% used [0x00000000d7600000,0x00000000d7afc010,0x00000000d7b00000)
  to   space 5120K, 0% used [0x00000000d7b00000,0x00000000d7b00000,0x00000000d8000000)
 ParOldGen       total 87552K, used 7697K [0x0000000080000000, 0x0000000085580000, 0x00000000d5580000)
  object space 87552K, 8% used [0x0000000080000000,0x0000000080784530,0x0000000085580000)
 Metaspace       used 20593K, capacity 21256K, committed 21296K, reserved 1067008K
  class space    used 2961K, capacity 3180K, committed 3200K, reserved 1048576K
Event: 4.463 GC heap after
Heap after GC invocations=6 (full 0):
 PSYoungGen      total 32768K, used 5088K [0x00000000d5580000, 0x00000000dab80000, 0x0000000100000000)
  eden space 27648K, 0% used [0x00000000d5580000,0x00000000d5580000,0x00000000d7080000)
  from space 5120K, 99% used [0x00000000d7b00000,0x00000000d7ff8050,0x00000000d8000000)
  to   space 10752K, 0% used [0x00000000d7080000,0x00000000d7080000,0x00000000d7b00000)
 ParOldGen       total 87552K, used 10604K [0x0000000080000000, 0x0000000085580000, 0x00000000d5580000)
  object space 87552K, 12% used [0x0000000080000000,0x0000000080a5b268,0x0000000085580000)
 Metaspace       used 20593K, capacity 21256K, committed 21296K, reserved 1067008K
  class space    used 2961K, capacity 3180K, committed 3200K, reserved 1048576K
}
Event: 4.463 GC heap before
{Heap before GC invocations=7 (full 1):
 PSYoungGen      total 32768K, used 5088K [0x00000000d5580000, 0x00000000dab80000, 0x0000000100000000)
  eden space 27648K, 0% used [0x00000000d5580000,0x00000000d5580000,0x00000000d7080000)
  from space 5120K, 99% used [0x00000000d7b00000,0x00000000d7ff8050,0x00000000d8000000)
  to   space 10752K, 0% used [0x00000000d7080000,0x00000000d7080000,0x00000000d7b00000)
 ParOldGen       total 87552K, used 10604K [0x0000000080000000, 0x0000000085580000, 0x00000000d5580000)
  object space 87552K, 12% used [0x0000000080000000,0x0000000080a5b268,0x0000000085580000)
 Metaspace       used 20593K, capacity 21256K, committed 21296K, reserved 1067008K
  class space    used 2961K, capacity 3180K, committed 3200K, reserved 1048576K
Event: 4.501 GC heap after
Heap after GC invocations=7 (full 1):
 PSYoungGen      total 32768K, used 0K [0x00000000d5580000, 0x00000000dab80000, 0x0000000100000000)
  eden space 27648K, 0% used [0x00000000d5580000,0x00000000d5580000,0x00000000d7080000)
  from space 5120K, 0% used [0x00000000d7b00000,0x00000000d7b00000,0x00000000d8000000)
  to   space 10752K, 0% used [0x00000000d7080000,0x00000000d7080000,0x00000000d7b00000)
 ParOldGen       total 60928K, used 8764K [0x0000000080000000, 0x0000000083b80000, 0x00000000d5580000)
  object space 60928K, 14% used [0x0000000080000000,0x000000008088f238,0x0000000083b80000)
 Metaspace       used 20593K, capacity 21256K, committed 21296K, reserved 1067008K
  class space    used 2961K, capacity 3180K, committed 3200K, reserved 1048576K
}
Event: 4.823 GC heap before
{Heap before GC invocations=8 (full 1):
 PSYoungGen      total 32768K, used 27648K [0x00000000d5580000, 0x00000000dab80000, 0x0000000100000000)
  eden space 27648K, 100% used [0x00000000d5580000,0x00000000d7080000,0x00000000d7080000)
  from space 5120K, 0% used [0x00000000d7b00000,0x00000000d7b00000,0x00000000d8000000)
  to   space 10752K, 0% used [0x00000000d7080000,0x00000000d7080000,0x00000000d7b00000)
 ParOldGen       total 60928K, used 8764K [0x0000000080000000, 0x0000000083b80000, 0x00000000d5580000)
  object space 60928K, 14% used [0x0000000080000000,0x000000008088f238,0x0000000083b80000)
 Metaspace       used 22253K, capacity 22928K, committed 23168K, reserved 1069056K
  class space    used 3239K, capacity 3438K, committed 3456K, reserved 1048576K
Event: 4.826 GC heap after
Heap after GC invocations=8 (full 1):
 PSYoungGen      total 38400K, used 2427K [0x00000000d5580000, 0x00000000d9600000, 0x0000000100000000)
  eden space 27648K, 0% used [0x00000000d5580000,0x00000000d5580000,0x00000000d7080000)
  from space 10752K, 22% used [0x00000000d7080000,0x00000000d72dec88,0x00000000d7b00000)
  to   space 11264K, 0% used [0x00000000d8b00000,0x00000000d8b00000,0x00000000d9600000)
 ParOldGen       total 60928K, used 8772K [0x0000000080000000, 0x0000000083b80000, 0x00000000d5580000)
  object space 60928K, 14% used [0x0000000080000000,0x0000000080891238,0x0000000083b80000)
 Metaspace       used 22253K, capacity 22928K, committed 23168K, reserved 1069056K
  class space    used 3239K, capacity 3438K, committed 3456K, reserved 1048576K
}
Event: 5.575 GC heap before
{Heap before GC invocations=9 (full 1):
 PSYoungGen      total 38400K, used 30071K [0x00000000d5580000, 0x00000000d9600000, 0x0000000100000000)
  eden space 27648K, 99% used [0x00000000d5580000,0x00000000d707ef98,0x00000000d7080000)
  from space 10752K, 22% used [0x00000000d7080000,0x00000000d72dec88,0x00000000d7b00000)
  to   space 11264K, 0% used [0x00000000d8b00000,0x00000000d8b00000,0x00000000d9600000)
 ParOldGen       total 60928K, used 8772K [0x0000000080000000, 0x0000000083b80000, 0x00000000d5580000)
  object space 60928K, 14% used [0x0000000080000000,0x0000000080891238,0x0000000083b80000)
 Metaspace       used 27519K, capacity 28216K, committed 28416K, reserved 1073152K
  class space    used 3883K, capacity 4090K, committed 4096K, reserved 1048576K
Event: 5.580 GC heap after
Heap after GC invocations=9 (full 1):
 PSYoungGen      total 52736K, used 5587K [0x00000000d5580000, 0x00000000d9480000, 0x0000000100000000)
  eden space 43008K, 0% used [0x00000000d5580000,0x00000000d5580000,0x00000000d7f80000)
  from space 9728K, 57% used [0x00000000d8b00000,0x00000000d9074d20,0x00000000d9480000)
  to   space 10752K, 0% used [0x00000000d7f80000,0x00000000d7f80000,0x00000000d8a00000)
 ParOldGen       total 60928K, used 8780K [0x0000000080000000, 0x0000000083b80000, 0x00000000d5580000)
  object space 60928K, 14% used [0x0000000080000000,0x0000000080893238,0x0000000083b80000)
 Metaspace       used 27519K, capacity 28216K, committed 28416K, reserved 1073152K
  class space    used 3883K, capacity 4090K, committed 4096K, reserved 1048576K
}
Event: 6.151 GC heap before
{Heap before GC invocations=10 (full 1):
 PSYoungGen      total 52736K, used 48595K [0x00000000d5580000, 0x00000000d9480000, 0x0000000100000000)
  eden space 43008K, 100% used [0x00000000d5580000,0x00000000d7f80000,0x00000000d7f80000)
  from space 9728K, 57% used [0x00000000d8b00000,0x00000000d9074d20,0x00000000d9480000)
  to   space 10752K, 0% used [0x00000000d7f80000,0x00000000d7f80000,0x00000000d8a00000)
 ParOldGen       total 60928K, used 8780K [0x0000000080000000, 0x0000000083b80000, 0x00000000d5580000)
  object space 60928K, 14% used [0x0000000080000000,0x0000000080893238,0x0000000083b80000)
 Metaspace       used 31222K, capacity 32042K, committed 32256K, reserved 1077248K
  class space    used 4352K, capacity 4596K, committed 4608K, reserved 1048576K
Event: 6.161 GC heap after
Heap after GC invocations=10 (full 1):
 PSYoungGen      total 53760K, used 7071K [0x00000000d5580000, 0x00000000da380000, 0x0000000100000000)
  eden space 43008K, 0% used [0x00000000d5580000,0x00000000d5580000,0x00000000d7f80000)
  from space 10752K, 65% used [0x00000000d7f80000,0x00000000d8667f70,0x00000000d8a00000)
  to   space 10752K, 0% used [0x00000000d9900000,0x00000000d9900000,0x00000000da380000)
 ParOldGen       total 60928K, used 8788K [0x0000000080000000, 0x0000000083b80000, 0x00000000d5580000)
  object space 60928K, 14% used [0x0000000080000000,0x0000000080895238,0x0000000083b80000)
 Metaspace       used 31222K, capacity 32042K, committed 32256K, reserved 1077248K
  class space    used 4352K, capacity 4596K, committed 4608K, reserved 1048576K
}

